<?xml version="1.0" encoding="UTF-8"?>
<testng-results ignored="0" total="6" passed="6" failed="0" skipped="0">
  <reporter-output>
  </reporter-output>
  <suite started-at="2022-02-16T13:08:34 IST" name="Command line suite" finished-at="2022-02-16T13:08:34 IST" duration-ms="58">
    <groups>
    </groups>
    <test started-at="2022-02-16T13:08:34 IST" name="Command line test" finished-at="2022-02-16T13:08:34 IST" duration-ms="58">
      <class name="learnmaven.AppiumTest">
        <test-method signature="NativeAppAndroid()[pri:0, instance:learnmaven.AppiumTest@35fc6dc4]" started-at="2022-02-16T13:08:34 IST" name="NativeAppAndroid" finished-at="2022-02-16T13:08:34 IST" duration-ms="6" status="PASS">
          <reporter-output>
          </reporter-output>
        </test-method> <!-- NativeAppAndroid -->
        <test-method signature="NativeAppIOS()[pri:0, instance:learnmaven.AppiumTest@35fc6dc4]" started-at="2022-02-16T13:08:34 IST" name="NativeAppIOS" finished-at="2022-02-16T13:08:34 IST" duration-ms="1" status="PASS">
          <reporter-output>
          </reporter-output>
        </test-method> <!-- NativeAppIOS -->
      </class> <!-- learnmaven.AppiumTest -->
      <class name="learnmaven.RestAPITest">
        <test-method signature="deleteTwitter()[pri:0, instance:learnmaven.RestAPITest@3b2c72c2]" started-at="2022-02-16T13:08:34 IST" name="deleteTwitter" finished-at="2022-02-16T13:08:34 IST" duration-ms="1" status="PASS">
          <reporter-output>
          </reporter-output>
        </test-method> <!-- deleteTwitter -->
        <test-method signature="posJira()[pri:0, instance:learnmaven.RestAPITest@3b2c72c2]" started-at="2022-02-16T13:08:34 IST" name="posJira" finished-at="2022-02-16T13:08:34 IST" duration-ms="1" status="PASS">
          <reporter-output>
          </reporter-output>
        </test-method> <!-- posJira -->
      </class> <!-- learnmaven.RestAPITest -->
      <class name="learnmaven.SeleniumTest">
        <test-method signature="BrowserAutomation()[pri:0, instance:learnmaven.SeleniumTest@491666ad]" started-at="2022-02-16T13:08:34 IST" name="BrowserAutomation" finished-at="2022-02-16T13:08:34 IST" duration-ms="1" status="PASS">
          <reporter-output>
          </reporter-output>
        </test-method> <!-- BrowserAutomation -->
        <test-method signature="elementsUI()[pri:0, instance:learnmaven.SeleniumTest@491666ad]" started-at="2022-02-16T13:08:34 IST" name="elementsUI" finished-at="2022-02-16T13:08:34 IST" duration-ms="1" status="PASS">
          <reporter-output>
          </reporter-output>
        </test-method> <!-- elementsUI -->
      </class> <!-- learnmaven.SeleniumTest -->
    </test> <!-- Command line test -->
  </suite> <!-- Command line suite -->
</testng-results>
