<?xml version="1.0" encoding="UTF-8"?>
<!-- Generated by org.testng.reporters.JUnitXMLReporter -->
<testsuite ignored="0" hostname="DESKTOP-MLHMF0O" failures="0" tests="4" name="Test" time="0.058" errors="0" timestamp="2022-02-16T12:07:30 IST">
  <testcase classname="learnmaven.RestAPITest" name="deleteTwitter" time="0.007"/>
  <testcase classname="learnmaven.RestAPITest" name="posJira" time="0.001"/>
  <testcase classname="learnmaven.SeleniumTest" name="BrowserAutomation" time="0.0"/>
  <testcase classname="learnmaven.SeleniumTest" name="elementsUI" time="0.001"/>
</testsuite> <!-- Test -->
