<?xml version="1.0" encoding="UTF-8"?>
<!-- Generated by org.testng.reporters.JUnitXMLReporter -->
<testsuite ignored="0" hostname="DESKTOP-MLHMF0O" failures="0" tests="6" name="Command line test" time="0.058" errors="0" timestamp="2022-02-16T13:08:34 IST">
  <testcase classname="learnmaven.AppiumTest" name="NativeAppAndroid" time="0.006"/>
  <testcase classname="learnmaven.AppiumTest" name="NativeAppIOS" time="0.001"/>
  <testcase classname="learnmaven.RestAPITest" name="deleteTwitter" time="0.001"/>
  <testcase classname="learnmaven.RestAPITest" name="posJira" time="0.001"/>
  <testcase classname="learnmaven.SeleniumTest" name="BrowserAutomation" time="0.001"/>
  <testcase classname="learnmaven.SeleniumTest" name="elementsUI" time="0.001"/>
</testsuite> <!-- Command line test -->
